This is pdfTeX, Version 3.1415926-2.5-1.40.14 (TeX Live 2013) (format=pdflatex 2016.3.18)  18 MAR 2016 17:30
entering extended mode
 restricted \write18 enabled.
 %&-line parsing enabled.
**AST1501_final_report.tex
(./AST1501_final_report.tex
LaTeX2e <2011/06/27>
Babel <v3.8m> and hyphenation patterns for english, dumylang, nohyphenation, lo
aded.
(./emulateapj.cls
Document Class: emulateapj 
\bibbaselineskip=\skip41

! LaTeX Error: File `revtex4.cls' not found.

Type X to quit or <RETURN> to proceed,
or enter new name. (Default extension: cls)

Enter file name: 
! Emergency stop.
<read *> 
         
l.166 \else
           ^^M
*** (cannot \read from terminal in nonstop modes)

 
Here is how much of TeX's memory you used:
 65 strings out of 495063
 1031 string characters out of 3182201
 45380 words of memory out of 3000000
 3342 multiletter control sequences out of 15000+200000
 3640 words of font info for 14 fonts, out of 3000000 for 9000
 14 hyphenation exceptions out of 8191
 17i,0n,19p,144b,9s stack positions out of 5000i,500n,10000p,200000b,50000s
!  ==> Fatal error occurred, no output PDF file produced!
